--- Startup times for process: Primary (or UI client) ---

times in msec
 clock   self+sourced   self:  sourced script
 clock   elapsed:              other lines

000.001  000.001: --- NVIM STARTING ---
000.098  000.097: event init
000.281  000.183: early init
000.918  000.637: locale set
000.973  000.055: init first window
001.552  000.579: inits 1
001.561  000.009: window checked
001.565  000.004: parsing arguments
002.090  000.041  000.041: require('vim.shared')
002.188  000.048  000.048: require('vim.inspect')
002.229  000.033  000.033: require('vim._options')
002.231  000.139  000.058: require('vim._editor')
002.233  000.225  000.045: require('vim._init_packages')
002.235  000.445: init lua interpreter
006.206  003.971: nvim_ui_attach
006.607  000.401: nvim_set_client_info
006.609  000.002: --- NVIM STARTED ---

--- Startup times for process: Embedded ---

times in msec
 clock   self+sourced   self:  sourced script
 clock   elapsed:              other lines

000.000  000.000: --- NVIM STARTING ---
000.058  000.058: event init
000.170  000.112: early init
000.502  000.332: locale set
000.526  000.023: init first window
000.868  000.343: inits 1
000.883  000.014: window checked
000.886  000.003: parsing arguments
001.285  000.035  000.035: require('vim.shared')
001.357  000.030  000.030: require('vim.inspect')
001.392  000.028  000.028: require('vim._options')
001.394  000.106  000.048: require('vim._editor')
001.395  000.168  000.027: require('vim._init_packages')
001.396  000.342: init lua interpreter
003.547  002.151: expanding arguments
003.561  000.013: inits 2
003.814  000.254: init highlight
003.816  000.001: waiting for UI
003.924  000.108: done waiting for UI
003.927  000.003: clear screen
004.041  000.013  000.013: require('vim.keymap')
005.059  000.195  000.195: sourcing nvim_exec2()
005.218  001.288  001.080: require('vim._defaults')
005.219  000.005: init default mappings & autocommands
005.847  000.047  000.047: sourcing /opt/homebrew/Cellar/neovim/0.11.2/share/nvim/runtime/ftplugin.vim
005.930  000.021  000.021: sourcing /opt/homebrew/Cellar/neovim/0.11.2/share/nvim/runtime/indent.vim
007.523  001.108  001.108: require('mini.deps')
007.708  000.014  000.014: sourcing nvim_exec2() called at /Users/aaron/.config/nvim/init.lua:0
007.757  000.011  000.011: require('vim.F')
008.817  001.051  001.051: require('mini.basics')
009.145  000.030  000.030: sourcing nvim_exec2() called at /opt/homebrew/Cellar/neovim/0.11.2/share/nvim/runtime/filetype.lua:0
009.148  000.100  000.070: sourcing /opt/homebrew/Cellar/neovim/0.11.2/share/nvim/runtime/filetype.lua
009.213  000.012  000.012: sourcing /opt/homebrew/Cellar/neovim/0.11.2/share/nvim/runtime/ftplugin.vim
009.265  000.007  000.007: sourcing /opt/homebrew/Cellar/neovim/0.11.2/share/nvim/runtime/indent.vim
009.271  000.309  000.190: sourcing nvim_exec2() called at /Users/aaron/.config/nvim/init.lua:0
011.895  000.336  000.336: sourcing nvim_exec2() called at /Users/aaron/.config/nvim/init.lua:0
013.389  000.154  000.154: require('rose-pine.config')
013.390  001.492  001.337: require('rose-pine')
013.743  000.123  000.123: require('rose-pine.utilities')
013.863  000.119  000.119: require('rose-pine.palette')
015.090  000.016  000.016: sourcing nvim_exec2() called at /Users/aaron/.local/share/nvim/site/pack/deps/opt/neovim/colors/rose-pine.lua:0
015.092  001.540  001.282: sourcing /Users/aaron/.local/share/nvim/site/pack/deps/opt/neovim/colors/rose-pine.lua
016.326  001.196  001.196: require('vim.diagnostic')
016.880  000.544  000.544: require('mini.notify')
017.370  000.405  000.405: require('mini.sessions')
017.533  000.027  000.027: require('vim.fs')
018.071  000.283  000.283: sourcing nvim_exec2() called at /Users/aaron/.config/nvim/init.lua:0
018.346  000.272  000.272: sourcing nvim_exec2() called at /Users/aaron/.config/nvim/init.lua:0
020.099  000.203  000.203: require('vim.lsp.log')
020.732  000.631  000.631: require('vim.lsp.protocol')
021.894  001.160  001.160: require('vim.lsp.util')
022.438  000.259  000.259: require('vim.lsp.sync')
022.441  000.546  000.287: require('vim.lsp._changetracking')
022.983  000.181  000.181: require('vim.lsp._transport')
022.996  000.553  000.371: require('vim.lsp.rpc')
023.040  004.244  001.151: require('vim.lsp')
023.377  000.335  000.335: require('lspconfig.util')
023.654  000.271  000.271: require('vim.version')
025.094  006.435  001.584: sourcing /Users/aaron/.local/share/nvim/site/pack/deps/opt/nvim-lspconfig/plugin/lspconfig.lua
025.178  006.829  000.394: sourcing nvim_exec2() called at /Users/aaron/.config/nvim/init.lua:0
025.537  000.108  000.108: require('mason-core.path')
025.957  000.091  000.091: require('mason-core.functional.data')
026.091  000.132  000.132: require('mason-core.functional.function')
026.279  000.185  000.185: require('mason-core.functional.list')
026.390  000.106  000.106: require('mason-core.functional.relation')
026.501  000.109  000.109: require('mason-core.functional.logic')
026.603  000.094  000.094: require('mason-core.functional.number')
026.734  000.122  000.122: require('mason-core.functional.string')
026.847  000.111  000.111: require('mason-core.functional.table')
026.930  000.081  000.081: require('mason-core.functional.type')
026.932  001.209  000.178: require('mason-core.functional')
026.956  001.418  000.209: require('mason-core.platform')
027.078  000.121  000.121: require('mason.settings')
027.081  001.784  000.137: require('mason-core.installer.InstallLocation')
027.532  000.184  000.184: require('mason-core.log')
027.535  000.290  000.106: require('mason-core.EventEmitter')
027.698  000.162  000.162: require('mason-registry.sources')
027.701  000.620  000.167: require('mason-registry')
027.703  002.516  000.112: require('mason')
028.105  000.230  000.230: require('mason.api.command')
028.197  000.089  000.089: require('lazydev')
028.334  000.135  000.135: require('lazydev.config')
028.462  000.110  000.110: require('lazydev.util')
029.501  001.005  001.005: require('mini.completion')
029.613  023.584  004.083: sourcing /Users/aaron/.config/nvim/init.lua
029.622  000.751: sourcing vimrc file(s)
029.790  000.045  000.045: sourcing /opt/homebrew/Cellar/neovim/0.11.2/share/nvim/runtime/syntax/synload.vim
029.842  000.170  000.125: sourcing /opt/homebrew/Cellar/neovim/0.11.2/share/nvim/runtime/syntax/syntax.vim
030.372  000.123  000.123: sourcing /Users/aaron/.local/share/nvim/site/pack/deps/opt/nvim-lspconfig/plugin/lspconfig.lua
031.014  000.101  000.101: sourcing /opt/homebrew/Cellar/neovim/0.11.2/share/nvim/runtime/plugin/gzip.vim
031.622  000.101  000.101: sourcing /opt/homebrew/Cellar/neovim/0.11.2/share/nvim/runtime/pack/dist/opt/matchit/plugin/matchit.vim
031.654  000.601  000.500: sourcing /opt/homebrew/Cellar/neovim/0.11.2/share/nvim/runtime/plugin/matchit.vim
031.772  000.082  000.082: sourcing /opt/homebrew/Cellar/neovim/0.11.2/share/nvim/runtime/plugin/matchparen.vim
032.392  000.133  000.133: sourcing /opt/homebrew/Cellar/neovim/0.11.2/share/nvim/runtime/pack/dist/opt/netrw/plugin/netrwPlugin.vim
032.423  000.613  000.481: sourcing /opt/homebrew/Cellar/neovim/0.11.2/share/nvim/runtime/plugin/netrwPlugin.vim
032.562  000.095  000.095: sourcing /opt/homebrew/Cellar/neovim/0.11.2/share/nvim/runtime/plugin/rplugin.vim
032.639  000.032  000.032: sourcing /opt/homebrew/Cellar/neovim/0.11.2/share/nvim/runtime/plugin/shada.vim
032.693  000.009  000.009: sourcing /opt/homebrew/Cellar/neovim/0.11.2/share/nvim/runtime/plugin/spellfile.vim
032.788  000.050  000.050: sourcing /opt/homebrew/Cellar/neovim/0.11.2/share/nvim/runtime/plugin/tarPlugin.vim
032.842  000.010  000.010: sourcing /opt/homebrew/Cellar/neovim/0.11.2/share/nvim/runtime/plugin/tutor.vim
032.953  000.068  000.068: sourcing /opt/homebrew/Cellar/neovim/0.11.2/share/nvim/runtime/plugin/zipPlugin.vim
033.029  000.031  000.031: sourcing /opt/homebrew/Cellar/neovim/0.11.2/share/nvim/runtime/plugin/editorconfig.lua
033.117  000.043  000.043: sourcing /opt/homebrew/Cellar/neovim/0.11.2/share/nvim/runtime/plugin/man.lua
033.209  000.048  000.048: sourcing /opt/homebrew/Cellar/neovim/0.11.2/share/nvim/runtime/plugin/osc52.lua
033.281  000.027  000.027: sourcing /opt/homebrew/Cellar/neovim/0.11.2/share/nvim/runtime/plugin/tohtml.lua
033.306  001.581: loading rtp plugins
033.480  000.174: loading packages
033.852  000.372: loading after plugins
033.859  000.007: inits 3
035.261  001.402: reading ShaDa
035.313  000.053: opening buffers
035.324  000.011: BufEnter autocommands
035.328  000.004: editing files in windows
035.658  000.051  000.051: sourcing nvim_exec2() called at VimEnter Autocommands for "*":0
037.820  000.758  000.758: require('vim.filetype')
038.574  000.071  000.071: sourcing /opt/homebrew/Cellar/neovim/0.11.2/share/nvim/runtime/ftplugin/lua.vim
040.042  000.142  000.142: require('vim.treesitter.language')
040.136  000.091  000.091: require('vim.func')
040.256  000.117  000.117: require('vim.func._memoize')
040.280  000.872  000.521: require('vim.treesitter.query')
040.432  000.136  000.136: require('vim.treesitter._range')
040.479  001.571  000.563: require('vim.treesitter.languagetree')
040.483  001.842  000.272: require('vim.treesitter')
042.855  000.306  000.306: require('vim.treesitter.highlighter')
044.247  005.629  003.481: sourcing /opt/homebrew/Cellar/neovim/0.11.2/share/nvim/runtime/ftplugin/lua.lua
044.829  000.028  000.028: sourcing /opt/homebrew/Cellar/neovim/0.11.2/share/nvim/runtime/indent/lua.vim
046.016  000.535  000.535: require('vim.lsp.client')
046.204  000.145  000.145: require('vim.uri')
046.596  000.247  000.247: require('vim._system')
048.002  000.236  000.236: require('editorconfig')
048.586  012.892  005.241: sourcing /Users/aaron/.config/nvim/session.vim
048.590  012.929  000.037: sourcing nvim_exec2() called at VimEnter Autocommands for "*":0
048.647  000.340: VimEnter autocommands
048.820  000.162  000.162: require('vim.termcap')
048.844  000.012  000.012: require('vim.text')
048.855  000.034: UIEnter autocommands
048.855  000.001: before starting main loop
050.953  000.259  000.259: require('vim.hl')
052.903  003.788: first screen update
052.904  000.001: --- NVIM STARTED ---

